<?xml version="1.0" encoding="utf-8"?>
<test-run id="2" name="MoneySharp.Test.exe" fullname="C:/projects/moneysharp/test/MoneySharp.Test/bin/Debug/net451/win10-x64/MoneySharp.Test.exe" testcasecount="25" result="Passed" start-time="2016-09-01 14:58:32Z" end-time="2016-09-01 14:58:32Z" duration="0.652483" total="25" passed="25" failed="0" inconclusive="0" skipped="0" asserts="0" random-seed="225514897">
  <command-line><![CDATA["C:\projects\moneysharp\test\MoneySharp.Test\bin\Debug\net451\win10-x64\MoneySharp.Test.exe"]]></command-line>
  <filter />
  <test-suite type="Assembly" id="1032" name="MoneySharp.Test.exe" fullname="C:/projects/moneysharp/test/MoneySharp.Test/bin/Debug/net451/win10-x64/MoneySharp.Test.exe" runstate="Runnable" testcasecount="25" result="Passed" start-time="2016-09-01 14:58:32Z" end-time="2016-09-01 14:58:32Z" duration="0.652483" total="25" passed="25" failed="0" inconclusive="0" skipped="0" asserts="0">
    <environment framework-version="3.4.1.0" clr-version="4.0.30319.42000" os-version="Microsoft Windows NT 6.2.9200.0" platform="Win32NT" cwd="C:\projects\moneysharp\test\MoneySharp.Test" machine-name="DESKTOP-3I362E2" user="maartenmensink" user-domain="DESKTOP-3I362E2" culture="nl-NL" uiculture="en-US" os-architecture="x64" />
    <settings>
      <setting name="WorkDirectory" value="C:\projects\moneysharp\test\MoneySharp.Test" />
      <setting name="NumberOfTestWorkers" value="8" />
    </settings>
    <properties>
      <property name="_PID" value="29556" />
      <property name="_APPDOMAIN" value="MoneySharp.Test.exe" />
    </properties>
    <test-suite type="TestSuite" id="1033" name="MoneySharp" fullname="MoneySharp" runstate="Runnable" testcasecount="25" result="Passed" start-time="2016-09-01 14:58:32Z" end-time="2016-09-01 14:58:32Z" duration="0.642549" total="25" passed="25" failed="0" inconclusive="0" skipped="0" asserts="0">
      <test-suite type="TestSuite" id="1034" name="Test" fullname="MoneySharp.Test" runstate="Runnable" testcasecount="25" result="Passed" start-time="2016-09-01 14:58:32Z" end-time="2016-09-01 14:58:32Z" duration="0.638567" total="25" passed="25" failed="0" inconclusive="0" skipped="0" asserts="0">
        <test-suite type="TestSuite" id="1035" name="Internal" fullname="MoneySharp.Test.Internal" runstate="Runnable" testcasecount="24" result="Passed" start-time="2016-09-01 14:58:32Z" end-time="2016-09-01 14:58:32Z" duration="0.467094" total="24" passed="24" failed="0" inconclusive="0" skipped="0" asserts="0">
          <test-suite type="TestFixture" id="1000" name="DefaultConnectorTest" fullname="MoneySharp.Test.Internal.DefaultConnectorTest" classname="MoneySharp.Test.Internal.DefaultConnectorTest" runstate="Runnable" testcasecount="5" result="Passed" start-time="2016-09-01 14:58:32Z" end-time="2016-09-01 14:58:32Z" duration="0.317438" total="5" passed="5" failed="0" inconclusive="0" skipped="0" asserts="0">
            <test-case id="1003" name="Create_Calls_RequestHelperAndClient_Returns_ResultFromResponse" fullname="MoneySharp.Test.Internal.DefaultConnectorTest.Create_Calls_RequestHelperAndClient_Returns_ResultFromResponse" methodname="Create_Calls_RequestHelperAndClient_Returns_ResultFromResponse" classname="MoneySharp.Test.Internal.DefaultConnectorTest" runstate="Runnable" seed="794674061" result="Passed" start-time="2016-09-01 14:58:32Z" end-time="2016-09-01 14:58:32Z" duration="0.262687" asserts="0" />
            <test-case id="1005" name="Delete_Calls_RequestHelpderAndClient" fullname="MoneySharp.Test.Internal.DefaultConnectorTest.Delete_Calls_RequestHelpderAndClient" methodname="Delete_Calls_RequestHelpderAndClient" classname="MoneySharp.Test.Internal.DefaultConnectorTest" runstate="Runnable" seed="166204781" result="Passed" start-time="2016-09-01 14:58:32Z" end-time="2016-09-01 14:58:32Z" duration="0.007858" asserts="0" />
            <test-case id="1002" name="GetById_Calls_RequestHelperAndClient_Returns_ExpectedResult" fullname="MoneySharp.Test.Internal.DefaultConnectorTest.GetById_Calls_RequestHelperAndClient_Returns_ExpectedResult" methodname="GetById_Calls_RequestHelperAndClient_Returns_ExpectedResult" classname="MoneySharp.Test.Internal.DefaultConnectorTest" runstate="Runnable" seed="1512732363" result="Passed" start-time="2016-09-01 14:58:32Z" end-time="2016-09-01 14:58:32Z" duration="0.007374" asserts="0" />
            <test-case id="1001" name="GetList_Calls_RequestHelperAndClient_Returns_ExpectedResult" fullname="MoneySharp.Test.Internal.DefaultConnectorTest.GetList_Calls_RequestHelperAndClient_Returns_ExpectedResult" methodname="GetList_Calls_RequestHelperAndClient_Returns_ExpectedResult" classname="MoneySharp.Test.Internal.DefaultConnectorTest" runstate="Runnable" seed="1518547464" result="Passed" start-time="2016-09-01 14:58:32Z" end-time="2016-09-01 14:58:32Z" duration="0.008734" asserts="0" />
            <test-case id="1004" name="Update_Calls_RequestHelperAndClient_Returns_ResultFromResponse" fullname="MoneySharp.Test.Internal.DefaultConnectorTest.Update_Calls_RequestHelperAndClient_Returns_ResultFromResponse" methodname="Update_Calls_RequestHelperAndClient_Returns_ResultFromResponse" classname="MoneySharp.Test.Internal.DefaultConnectorTest" runstate="Runnable" seed="362469946" result="Passed" start-time="2016-09-01 14:58:32Z" end-time="2016-09-01 14:58:32Z" duration="0.007458" asserts="0" />
          </test-suite>
          <test-suite type="TestSuite" id="1036" name="Helper" fullname="MoneySharp.Test.Internal.Helper" runstate="Runnable" testcasecount="19" result="Passed" start-time="2016-09-01 14:58:32Z" end-time="2016-09-01 14:58:32Z" duration="0.463093" total="19" passed="19" failed="0" inconclusive="0" skipped="0" asserts="0">
            <test-suite type="TestFixture" id="1006" name="ClientInitializerTest" fullname="MoneySharp.Test.Internal.Helper.ClientInitializerTest" classname="MoneySharp.Test.Internal.Helper.ClientInitializerTest" runstate="Runnable" testcasecount="2" result="Passed" start-time="2016-09-01 14:58:32Z" end-time="2016-09-01 14:58:32Z" duration="0.041657" total="2" passed="2" failed="0" inconclusive="0" skipped="0" asserts="0">
              <test-case id="1008" name="Get_Verify_DefaultHeaderAuthorization" fullname="MoneySharp.Test.Internal.Helper.ClientInitializerTest.Get_Verify_DefaultHeaderAuthorization" methodname="Get_Verify_DefaultHeaderAuthorization" classname="MoneySharp.Test.Internal.Helper.ClientInitializerTest" runstate="Runnable" seed="1419786976" result="Passed" start-time="2016-09-01 14:58:32Z" end-time="2016-09-01 14:58:32Z" duration="0.023339" asserts="0" />
              <test-case id="1007" name="Get_Verify_Url" fullname="MoneySharp.Test.Internal.Helper.ClientInitializerTest.Get_Verify_Url" methodname="Get_Verify_Url" classname="MoneySharp.Test.Internal.Helper.ClientInitializerTest" runstate="Runnable" seed="152228576" result="Passed" start-time="2016-09-01 14:58:32Z" end-time="2016-09-01 14:58:32Z" duration="0.012871" asserts="0" />
            </test-suite>
            <test-suite type="TestFixture" id="1009" name="RequestHelperTest" fullname="MoneySharp.Test.Internal.Helper.RequestHelperTest" classname="MoneySharp.Test.Internal.Helper.RequestHelperTest" runstate="Runnable" testcasecount="17" result="Passed" start-time="2016-09-01 14:58:32Z" end-time="2016-09-01 14:58:32Z" duration="0.089865" total="17" passed="17" failed="0" inconclusive="0" skipped="0" asserts="0">
              <test-suite type="ParameterizedMethod" id="1022" name="BuildRequest_Method_Correctly" fullname="MoneySharp.Test.Internal.Helper.RequestHelperTest.BuildRequest_Method_Correctly" classname="MoneySharp.Test.Internal.Helper.RequestHelperTest" runstate="Runnable" testcasecount="5" result="Passed" start-time="2016-09-01 14:58:32Z" end-time="2016-09-01 14:58:32Z" duration="0.023954" total="5" passed="5" failed="0" inconclusive="0" skipped="0" asserts="0">
                <test-case id="1017" name="BuildRequest_Method_Correctly(GET)" fullname="MoneySharp.Test.Internal.Helper.RequestHelperTest.BuildRequest_Method_Correctly(GET)" methodname="BuildRequest_Method_Correctly" classname="MoneySharp.Test.Internal.Helper.RequestHelperTest" runstate="Runnable" seed="686219905" result="Passed" start-time="2016-09-01 14:58:32Z" end-time="2016-09-01 14:58:32Z" duration="0.004569" asserts="0" />
                <test-case id="1018" name="BuildRequest_Method_Correctly(DELETE)" fullname="MoneySharp.Test.Internal.Helper.RequestHelperTest.BuildRequest_Method_Correctly(DELETE)" methodname="BuildRequest_Method_Correctly" classname="MoneySharp.Test.Internal.Helper.RequestHelperTest" runstate="Runnable" seed="1112505658" result="Passed" start-time="2016-09-01 14:58:32Z" end-time="2016-09-01 14:58:32Z" duration="0.000191" asserts="0" />
                <test-case id="1019" name="BuildRequest_Method_Correctly(POST)" fullname="MoneySharp.Test.Internal.Helper.RequestHelperTest.BuildRequest_Method_Correctly(POST)" methodname="BuildRequest_Method_Correctly" classname="MoneySharp.Test.Internal.Helper.RequestHelperTest" runstate="Runnable" seed="2014005488" result="Passed" start-time="2016-09-01 14:58:32Z" end-time="2016-09-01 14:58:32Z" duration="0.000073" asserts="0" />
                <test-case id="1020" name="BuildRequest_Method_Correctly(PUT)" fullname="MoneySharp.Test.Internal.Helper.RequestHelperTest.BuildRequest_Method_Correctly(PUT)" methodname="BuildRequest_Method_Correctly" classname="MoneySharp.Test.Internal.Helper.RequestHelperTest" runstate="Runnable" seed="908855970" result="Passed" start-time="2016-09-01 14:58:32Z" end-time="2016-09-01 14:58:32Z" duration="0.000066" asserts="0" />
                <test-case id="1021" name="BuildRequest_Method_Correctly(PATCH)" fullname="MoneySharp.Test.Internal.Helper.RequestHelperTest.BuildRequest_Method_Correctly(PATCH)" methodname="BuildRequest_Method_Correctly" classname="MoneySharp.Test.Internal.Helper.RequestHelperTest" runstate="Runnable" seed="1376794154" result="Passed" start-time="2016-09-01 14:58:32Z" end-time="2016-09-01 14:58:32Z" duration="0.000109" asserts="0" />
              </test-suite>
              <test-suite type="ParameterizedMethod" id="1026" name="BuildRequest_MethodWithData_SetJsonData" fullname="MoneySharp.Test.Internal.Helper.RequestHelperTest.BuildRequest_MethodWithData_SetJsonData" classname="MoneySharp.Test.Internal.Helper.RequestHelperTest" runstate="Runnable" testcasecount="3" result="Passed" start-time="2016-09-01 14:58:32Z" end-time="2016-09-01 14:58:32Z" duration="0.018058" total="3" passed="3" failed="0" inconclusive="0" skipped="0" asserts="0">
                <test-case id="1023" name="BuildRequest_MethodWithData_SetJsonData(POST,&quot;postdata&quot;)" fullname="MoneySharp.Test.Internal.Helper.RequestHelperTest.BuildRequest_MethodWithData_SetJsonData(POST,&quot;postdata&quot;)" methodname="BuildRequest_MethodWithData_SetJsonData" classname="MoneySharp.Test.Internal.Helper.RequestHelperTest" runstate="Runnable" seed="1875433908" result="Passed" start-time="2016-09-01 14:58:32Z" end-time="2016-09-01 14:58:32Z" duration="0.006818" asserts="0" />
                <test-case id="1024" name="BuildRequest_MethodWithData_SetJsonData(PATCH,&quot;patchdata&quot;)" fullname="MoneySharp.Test.Internal.Helper.RequestHelperTest.BuildRequest_MethodWithData_SetJsonData(PATCH,&quot;patchdata&quot;)" methodname="BuildRequest_MethodWithData_SetJsonData" classname="MoneySharp.Test.Internal.Helper.RequestHelperTest" runstate="Runnable" seed="574151303" result="Passed" start-time="2016-09-01 14:58:32Z" end-time="2016-09-01 14:58:32Z" duration="0.000149" asserts="0" />
                <test-case id="1025" name="BuildRequest_MethodWithData_SetJsonData(PUT,&quot;putdata&quot;)" fullname="MoneySharp.Test.Internal.Helper.RequestHelperTest.BuildRequest_MethodWithData_SetJsonData(PUT,&quot;putdata&quot;)" methodname="BuildRequest_MethodWithData_SetJsonData" classname="MoneySharp.Test.Internal.Helper.RequestHelperTest" runstate="Runnable" seed="371044961" result="Passed" start-time="2016-09-01 14:58:32Z" end-time="2016-09-01 14:58:32Z" duration="0.000084" asserts="0" />
              </test-suite>
              <test-suite type="ParameterizedMethod" id="1016" name="BuildRequest_Uri_Correctly" fullname="MoneySharp.Test.Internal.Helper.RequestHelperTest.BuildRequest_Uri_Correctly" classname="MoneySharp.Test.Internal.Helper.RequestHelperTest" runstate="Runnable" testcasecount="6" result="Passed" start-time="2016-09-01 14:58:32Z" end-time="2016-09-01 14:58:32Z" duration="0.021496" total="6" passed="6" failed="0" inconclusive="0" skipped="0" asserts="0">
                <test-case id="1010" name="BuildRequest_Uri_Correctly(GET,&quot;test.json&quot;)" fullname="MoneySharp.Test.Internal.Helper.RequestHelperTest.BuildRequest_Uri_Correctly(GET,&quot;test.json&quot;)" methodname="BuildRequest_Uri_Correctly" classname="MoneySharp.Test.Internal.Helper.RequestHelperTest" runstate="Runnable" seed="1886067728" result="Passed" start-time="2016-09-01 14:58:32Z" end-time="2016-09-01 14:58:32Z" duration="0.000376" asserts="0" />
                <test-case id="1011" name="BuildRequest_Uri_Correctly(DELETE,&quot;test.json&quot;)" fullname="MoneySharp.Test.Internal.Helper.RequestHelperTest.BuildRequest_Uri_Correctly(DELETE,&quot;test.json&quot;)" methodname="BuildRequest_Uri_Correctly" classname="MoneySharp.Test.Internal.Helper.RequestHelperTest" runstate="Runnable" seed="469663888" result="Passed" start-time="2016-09-01 14:58:32Z" end-time="2016-09-01 14:58:32Z" duration="0.000106" asserts="0" />
                <test-case id="1012" name="BuildRequest_Uri_Correctly(POST,&quot;test.json&quot;)" fullname="MoneySharp.Test.Internal.Helper.RequestHelperTest.BuildRequest_Uri_Correctly(POST,&quot;test.json&quot;)" methodname="BuildRequest_Uri_Correctly" classname="MoneySharp.Test.Internal.Helper.RequestHelperTest" runstate="Runnable" seed="1618560356" result="Passed" start-time="2016-09-01 14:58:32Z" end-time="2016-09-01 14:58:32Z" duration="0.000217" asserts="0" />
                <test-case id="1013" name="BuildRequest_Uri_Correctly(PATCH,&quot;test.xml&quot;)" fullname="MoneySharp.Test.Internal.Helper.RequestHelperTest.BuildRequest_Uri_Correctly(PATCH,&quot;test.xml&quot;)" methodname="BuildRequest_Uri_Correctly" classname="MoneySharp.Test.Internal.Helper.RequestHelperTest" runstate="Runnable" seed="1593947090" result="Passed" start-time="2016-09-01 14:58:32Z" end-time="2016-09-01 14:58:32Z" duration="0.000213" asserts="0" />
                <test-case id="1014" name="BuildRequest_Uri_Correctly(PUT,&quot;test.xml&quot;)" fullname="MoneySharp.Test.Internal.Helper.RequestHelperTest.BuildRequest_Uri_Correctly(PUT,&quot;test.xml&quot;)" methodname="BuildRequest_Uri_Correctly" classname="MoneySharp.Test.Internal.Helper.RequestHelperTest" runstate="Runnable" seed="1946382821" result="Passed" start-time="2016-09-01 14:58:32Z" end-time="2016-09-01 14:58:32Z" duration="0.000233" asserts="0" />
                <test-case id="1015" name="BuildRequest_Uri_Correctly(HEAD,&quot;test.json&quot;)" fullname="MoneySharp.Test.Internal.Helper.RequestHelperTest.BuildRequest_Uri_Correctly(HEAD,&quot;test.json&quot;)" methodname="BuildRequest_Uri_Correctly" classname="MoneySharp.Test.Internal.Helper.RequestHelperTest" runstate="Runnable" seed="1048323465" result="Passed" start-time="2016-09-01 14:58:32Z" end-time="2016-09-01 14:58:32Z" duration="0.000198" asserts="0" />
              </test-suite>
              <test-case id="1027" name="CheckResult_Forbidden_Throws_RateLimitExceededException" fullname="MoneySharp.Test.Internal.Helper.RequestHelperTest.CheckResult_Forbidden_Throws_RateLimitExceededException" methodname="CheckResult_Forbidden_Throws_RateLimitExceededException" classname="MoneySharp.Test.Internal.Helper.RequestHelperTest" runstate="Runnable" seed="142339366" result="Passed" start-time="2016-09-01 14:58:32Z" end-time="2016-09-01 14:58:32Z" duration="0.005340" asserts="0" />
              <test-case id="1029" name="CheckResult_NotFound_Throws_KeyNotFoundException" fullname="MoneySharp.Test.Internal.Helper.RequestHelperTest.CheckResult_NotFound_Throws_KeyNotFoundException" methodname="CheckResult_NotFound_Throws_KeyNotFoundException" classname="MoneySharp.Test.Internal.Helper.RequestHelperTest" runstate="Runnable" seed="1663773947" result="Passed" start-time="2016-09-01 14:58:32Z" end-time="2016-09-01 14:58:32Z" duration="0.000832" asserts="0" />
              <test-case id="1028" name="CheckResult_Unauthorized_Throws_UnauthorizedException" fullname="MoneySharp.Test.Internal.Helper.RequestHelperTest.CheckResult_Unauthorized_Throws_UnauthorizedException" methodname="CheckResult_Unauthorized_Throws_UnauthorizedException" classname="MoneySharp.Test.Internal.Helper.RequestHelperTest" runstate="Runnable" seed="273585464" result="Passed" start-time="2016-09-01 14:58:32Z" end-time="2016-09-01 14:58:32Z" duration="0.000822" asserts="0" />
            </test-suite>
          </test-suite>
        </test-suite>
        <test-suite type="TestSuite" id="1037" name="NET45" fullname="MoneySharp.Test.NET45" runstate="Runnable" testcasecount="1" result="Passed" start-time="2016-09-01 14:58:32Z" end-time="2016-09-01 14:58:32Z" duration="0.631515" total="1" passed="1" failed="0" inconclusive="0" skipped="0" asserts="0">
          <test-suite type="TestSuite" id="1038" name="Container_Integrations" fullname="MoneySharp.Test.NET45.Container_Integrations" runstate="Runnable" testcasecount="1" result="Passed" start-time="2016-09-01 14:58:32Z" end-time="2016-09-01 14:58:32Z" duration="0.627525" total="1" passed="1" failed="0" inconclusive="0" skipped="0" asserts="0">
            <test-suite type="TestFixture" id="1030" name="SimpleInjectorContainerTest" fullname="MoneySharp.Test.NET45.Container_Integrations.SimpleInjectorContainerTest" classname="MoneySharp.Test.NET45.Container_Integrations.SimpleInjectorContainerTest" runstate="Runnable" testcasecount="1" result="Passed" start-time="2016-09-01 14:58:32Z" end-time="2016-09-01 14:58:32Z" duration="0.159492" total="1" passed="1" failed="0" inconclusive="0" skipped="0" asserts="0">
              <test-case id="1031" name="VerifyContainer" fullname="MoneySharp.Test.NET45.Container_Integrations.SimpleInjectorContainerTest.VerifyContainer" methodname="VerifyContainer" classname="MoneySharp.Test.NET45.Container_Integrations.SimpleInjectorContainerTest" runstate="Runnable" seed="1652540933" result="Passed" start-time="2016-09-01 14:58:32Z" end-time="2016-09-01 14:58:32Z" duration="0.156314" asserts="0" />
            </test-suite>
          </test-suite>
        </test-suite>
      </test-suite>
    </test-suite>
  </test-suite>
</test-run>